                                 *** chord ***

                 Copyright (c) 2014-2020 CFD & Propulsion Group
                           Colorado State University

                             --- Chombo Library ---

      Copyright (c) 2000-2020, The Regents of the University of California
                    Applied Numerical Algorithms Group, LBNL

=> Starting 2D chord with input file "AMRAdvectionSinFunction.inputs"
   Verbosity -------------------------- 1
   Verbose time step data ------------- false
   Terminal Line Size ----------------- 80

=> Parallel mode
-> MPI: this is processor 0 of 3 (4 total)

=> Parameters

-> Parameters for 'file'
   Restart file ----------------------- not provided
   Plot prefix ------------------------ plot/20210111SinFunctionTestSin21_GridCo
                                        nverge_512Cells/gaussianAdvect.plot.
   Plot J ----------------------------- false
   Plot JU ---------------------------- false
   Plot DACFDCheck -------------------- false
   Plot flattening -------------------- false
   Plot number of ghosts -------------- 0
   Plot extra variables --------------- false
   Plot mapped variables -------------- false
   Plot wall distance field ----------- false
   Plot interval ---------------------- 1000
   Plot period ------------------------ none
   Checkpoint prefix ------------------ checkpoint/20210111SinFunctionTestSin21_
                                        GridConverge_512Cells/gaussianAdvect.chk
                                        pnt.
   Checkpoint interval ---------------- 1000

-> Parameters for 'simulation'
   Problem type ----------------------- Euler sin functions in a cube

-> Parameters for 'grid'
   Number of cells -------------------- (512,128)
   Computational domain length -------- (1.0000e+00,2.5000e-01)
   Physical domain origin ------------- (0.0000e+00,0.0000e+00)
   Domain periodicity ----------------- (periodic,periodic)

-> Parameters for 'coordsys'
   Coordinate system ------------------ Cartesian
     Origin --------------------------- (0.0000e+00,0.0000e+00)
     Stretch -------------------------- (1.0000e+00,1.0000e+00)
     Physical length ------------------ (1.0000e+00,2.5000e-01)

-> Parameters for 'solver'
   Time Integration Method ------------ RK4
   Fixed dt --------------------------- 0.0008
   Limit on dt growth ----------------- 1.1
   dt tolerance factor ---------------- 1.1
   CFL number ------------------------- 1
   Initial CFL number ----------------- 1
   Initial time ----------------------- 0
   Maximum steps ---------------------- 100000
   Maximum time ----------------------- 2

-> Parameters for 'ark'
   Time Step Method ------------------- Explicit Runge Kutta

-> Parameters for 'limiter'
   Limiting method -------------------- fourth-order PPM
   Use PPM limiter -------------------- true
   Limit face values ------------------ false
   Use flattening --------------------- true
   Face interpolation order ----------- 4
   Diffusive order -------------------- 4
   Reaction order --------------------- 4
   DC flattening ---------------------- false
   Use face construction order reduction  false
   Use artificial viscosity ----------- true
   Artificial viscosity coefficient --- 0.3
   Fourth-order artificial viscosity coefficient  0.42


-> Parameters for 'physics'
   Fluid models:
   Inertial (hyperbolic terms in Navier-Stokes)

-> Parameters for 'fluid'
   Gas constant ----------------------- 287
   Specific heat ratio ---------------- 1.4
   Density ---------------------------- 1.4
   Temperature ------------------------ 0.0024888
   Thermal conductivity --------------- constant 0.025326
   Dynamic viscosity ------------------ constant 1.7894e-05
   Reynolds number -------------------- 1

-> Parameters for 'AMR'
   Maximum number of AMR levels ------- 0
   Refinement ratios ------------------ 1
   Regrid intervals ------------------- 1
   Tag buffer size -------------------- 6
   Base level ------------------------- 0
   Maximum box size ------------------- 64
   Fill ratio ------------------------- 0.75
   Grid buffer size ------------------- 1
   Block factor (minimum box size) ---- 8
   Use subcycling --------------------- true

-> Parameters for 'threads'
   Use threads ------------------------ false

-> Physics: compressible Navier-Stokes
   Gas law ---------------------------- ideal
   Specific heat ratio ---------------- 1.40000e+00
   Specific gas constant -------------- 2.87000e+02 J/kg-K
   Gravitational constant ------------- 9.80665e+00 m/s^2

-> Initial and boundary conditions: Euler advection cube with sin function
   Delta density ---------------------- 1.4000e-01
   Velocity --------------------------- (1.0000e+00,0.0000e+00)
   Size of Gaussian (domain Dim.) ----- 2.5000e-02
   Center of Gaussian (domain  Dim.) -- (5.0000e-01,5.0000e-01)
   Maximum radius (domain Dim.) ------- 1.2500e-01
   Tagging threshold ------------------ 0.0000e+00


-> Boundary states and types:
   Defined boundary types:

WW Stack memory not aligned to page as intended due to missing posix_memalign
   (run configure in top-level directory of Chombo and re-compile)
-> Stack allocation on thread from 0x7fdc51dc6010 to 0x7fdc52dc6010: 16 MiB
=> Begin computation
=> End computation
-> Error norms at time 1.999999999999910e+00
   Component 0: density
   L1  (error) ------------------------ 1.710329806543804e-03
   L2  (error) ------------------------ 1.899706461295743e-03
   max (error) ------------------------ 2.686587233131199e-03
   Component 1: x-momentum
   L1  (error) ------------------------ 1.710329806543779e-03
   L2  (error) ------------------------ 1.899706461295649e-03
   max (error) ------------------------ 2.686587233132531e-03
   Component 2: y-momentum
   L1  (error) ------------------------ 0.000000000000000e+00
   L2  (error) ------------------------ 0.000000000000000e+00
   max (error) ------------------------ 0.000000000000000e+00
   Component 3: energy-density
   L1  (error) ------------------------ 8.551649032719454e-04
   L2  (error) ------------------------ 9.498532306479845e-04
   max (error) ------------------------ 1.343293616571373e-03
Vector 17QuadratureElement: 24 bytes (0 Mb)
Vector 21IndicesTransformation: 24 bytes (0 Mb)
Vector 3Box: 20 bytes (0 Mb)
Vector 5TupleI13BlockBoundaryLm4EE: 288 bytes (0 Mb)
Vector 6VectorI21IndicesTransformationE: 32 bytes (0 Mb)
Vector 9BlockInfo: 104 bytes (0 Mb)
Vector N3stc10VectorImplIiLj2ENS_11DefaultImplEEE: 320 bytes (0 Mb)
Vector P7BaseFabIi17DefaultArrayAllocIiL15ArrayClassIndex1EEE: 16 bytes (0 Mb)
Vector d: 32 bytes (0 Mb)
Arena 12DCFlattening: 24 bytes (0 Mb)
Arena 6CNSIBC: 112 bytes (0 Mb)
Arena 10CRDPhysics: 40 bytes (0 Mb)
Arena 9TagMethod: 32 bytes (0 Mb)
Arena 8TagLevel: 48 bytes (0 Mb)
Arena 15TagLevelFactory: 64 bytes (0 Mb)
Arena 25MultiBlockCoordSysFactory: 16 bytes (0 Mb)
Arena 18MultiBlockCoordSys: 344 bytes (0 Mb)
Arena 12TurbModeling: 16 bytes (0 Mb)
Registered class BaseFab<i>: 108 bytes (0.000102997 Mb)
Registered class BaseFab<21IndicesTransformation>: 432 bytes (0.000411987 Mb)
---------------------------------
Total Unfreed : 2096 bytes (0 Mb)
peak memory usage: 16593908 bytes (15 Mb)
-> Stack deallocation on thread at 0x7fdc51dc6010 with maximum usage of 2.61717
   MiB
